# JRE version: Java(TM) SE Runtime Environment (20.0+36) (build 20+36-2344)
# Java VM: Java HotSpot(TM) 64-Bit Server VM (20+36-2344, mixed mode, sharing, tiered, compressed oops, compressed class ptrs, g1 gc, windows-amd64)
GC Precious Log:
 CardTable entry size: 512
 Card Set container configuration: InlinePtr #cards 5 size 8 Array Of Cards #cards 12 size 40 Howl #buckets 4 coarsen threshold 1843 Howl Bitmap #cards 512 size 80 coarsen threshold 460 Card regions per heap region 1 cards per card region 2048
 CPUs: 16 total, 16 available
 Memory: 7549M
 Large Page Support: Disabled
 NUMA Support: Disabled
 Compressed Oops: Enabled (32-bit)
 Heap Region Size: 1M
 Heap Min Capacity: 8M
 Heap Initial Capacity: 118M
 Heap Max Capacity: 2G
 Pre-touch: Disabled
 Parallel Workers: 13
 Concurrent Workers: 3
 Concurrent Refinement Workers: 13
 Periodic GC: Disabled
Heap:
 garbage-first heap   total 227328K, used 103455K [0x0000000080000000, 0x0000000100000000)
  region size 1024K, 6 young (6144K), 6 survivors (6144K)
 Metaspace       used 64010K, committed 65728K, reserved 1114112K
  class space    used 8418K, committed 9280K, reserved 1048576K
GC Heap History (20 events):
Event: 5.913 GC heap after
{Heap after GC invocations=15 (full 0):
 garbage-first heap   total 165888K, used 86991K [0x0000000080000000, 0x0000000100000000)
  region size 1024K, 8 young (8192K), 8 survivors (8192K)
 Metaspace       used 55170K, committed 56768K, reserved 1114112K
  class space    used 7653K, committed 8448K, reserved 1048576K
}
Event: 7.934 GC heap before
{Heap before GC invocations=15 (full 0):
 garbage-first heap   total 165888K, used 142287K [0x0000000080000000, 0x0000000100000000)
  region size 1024K, 63 young (64512K), 8 survivors (8192K)
 Metaspace       used 61966K, committed 63680K, reserved 1114112K
  class space    used 8333K, committed 9152K, reserved 1048576K
}
Event: 7.941 GC heap after
{Heap after GC invocations=16 (full 0):
 garbage-first heap   total 165888K, used 91569K [0x0000000080000000, 0x0000000100000000)
  region size 1024K, 5 young (5120K), 5 survivors (5120K)
 Metaspace       used 61966K, committed 63680K, reserved 1114112K
  class space    used 8333K, committed 9152K, reserved 1048576K
}
Event: 14.492 GC heap before
{Heap before GC invocations=17 (full 0):
 garbage-first heap   total 165888K, used 145841K [0x0000000080000000, 0x0000000100000000)
  region size 1024K, 59 young (60416K), 5 survivors (5120K)
 Metaspace       used 62969K, committed 64640K, reserved 1114112K
  class space    used 8375K, committed 9216K, reserved 1048576K
}
Event: 14.495 GC heap after
{Heap after GC invocations=18 (full 0):
 garbage-first heap   total 165888K, used 94863K [0x0000000080000000, 0x0000000100000000)
  region size 1024K, 4 young (4096K), 4 survivors (4096K)
 Metaspace       used 62969K, committed 64640K, reserved 1114112K
  class space    used 8375K, committed 9216K, reserved 1048576K
}
Event: 18.029 GC heap before
{Heap before GC invocations=18 (full 0):
 garbage-first heap   total 165888K, used 150159K [0x0000000080000000, 0x0000000100000000)
  region size 1024K, 56 young (57344K), 4 survivors (4096K)
 Metaspace       used 63685K, committed 65344K, reserved 1114112K
  class space    used 8407K, committed 9216K, reserved 1048576K
}
Event: 18.034 GC heap after
{Heap after GC invocations=19 (full 0):
 garbage-first heap   total 165888K, used 100866K [0x0000000080000000, 0x0000000100000000)
  region size 1024K, 7 young (7168K), 7 survivors (7168K)
 Metaspace       used 63685K, committed 65344K, reserved 1114112K
  class space    used 8407K, committed 9216K, reserved 1048576K
}
Event: 18.135 GC heap before
{Heap before GC invocations=19 (full 0):
 garbage-first heap   total 165888K, used 146946K [0x0000000080000000, 0x0000000100000000)
  region size 1024K, 53 young (54272K), 7 survivors (7168K)
 Metaspace       used 63951K, committed 65664K, reserved 1114112K
  class space    used 8422K, committed 9280K, reserved 1048576K
}
Event: 18.138 GC heap after
{Heap after GC invocations=20 (full 0):
 garbage-first heap   total 165888K, used 101454K [0x0000000080000000, 0x0000000100000000)
  region size 1024K, 2 young (2048K), 2 survivors (2048K)
 Metaspace       used 63951K, committed 65664K, reserved 1114112K
  class space    used 8422K, committed 9280K, reserved 1048576K
}
Event: 18.227 GC heap before
{Heap before GC invocations=21 (full 0):
 garbage-first heap   total 220160K, used 150606K [0x0000000080000000, 0x0000000100000000)
  region size 1024K, 50 young (51200K), 2 survivors (2048K)
 Metaspace       used 63962K, committed 65664K, reserved 1114112K
  class space    used 8417K, committed 9280K, reserved 1048576K
}
Event: 18.229 GC heap after
{Heap after GC invocations=22 (full 0):
 garbage-first heap   total 220160K, used 101163K [0x0000000080000000, 0x0000000100000000)
  region size 1024K, 2 young (2048K), 2 survivors (2048K)
 Metaspace       used 63962K, committed 65664K, reserved 1114112K
  class space    used 8417K, committed 9280K, reserved 1048576K
}
Event: 18.358 GC heap before
{Heap before GC invocations=22 (full 0):
 garbage-first heap   total 220160K, used 196395K [0x0000000080000000, 0x0000000100000000)
  region size 1024K, 96 young (98304K), 2 survivors (2048K)
 Metaspace       used 63980K, committed 65664K, reserved 1114112K
  class space    used 8418K, committed 9280K, reserved 1048576K
}
Event: 18.361 GC heap after
{Heap after GC invocations=23 (full 0):
 garbage-first heap   total 220160K, used 100883K [0x0000000080000000, 0x0000000100000000)
  region size 1024K, 2 young (2048K), 2 survivors (2048K)
 Metaspace       used 63980K, committed 65664K, reserved 1114112K
  class space    used 8418K, committed 9280K, reserved 1048576K
}
Event: 18.496 GC heap before
{Heap before GC invocations=23 (full 0):
 garbage-first heap   total 220160K, used 204307K [0x0000000080000000, 0x0000000100000000)
  region size 1024K, 104 young (106496K), 2 survivors (2048K)
 Metaspace       used 63993K, committed 65664K, reserved 1114112K
  class space    used 8418K, committed 9280K, reserved 1048576K
}
Event: 18.499 GC heap after
{Heap after GC invocations=24 (full 0):
 garbage-first heap   total 220160K, used 102382K [0x0000000080000000, 0x0000000100000000)
  region size 1024K, 4 young (4096K), 4 survivors (4096K)
 Metaspace       used 63993K, committed 65664K, reserved 1114112K
  class space    used 8418K, committed 9280K, reserved 1048576K
}
Event: 18.627 GC heap before
{Heap before GC invocations=25 (full 0):
 garbage-first heap   total 227328K, used 201710K [0x0000000080000000, 0x0000000100000000)
  region size 1024K, 102 young (104448K), 4 survivors (4096K)
 Metaspace       used 63995K, committed 65664K, reserved 1114112K
  class space    used 8418K, committed 9280K, reserved 1048576K
}
Event: 18.629 GC heap after
{Heap after GC invocations=26 (full 0):
 garbage-first heap   total 227328K, used 103076K [0x0000000080000000, 0x0000000100000000)
  region size 1024K, 5 young (5120K), 5 survivors (5120K)
 Metaspace       used 63995K, committed 65664K, reserved 1114112K
  class space    used 8418K, committed 9280K, reserved 1048576K
}
Event: 18.744 GC heap before
{Heap before GC invocations=26 (full 0):
 garbage-first heap   total 227328K, used 207524K [0x0000000080000000, 0x0000000100000000)
  region size 1024K, 108 young (110592K), 5 survivors (5120K)
 Metaspace       used 63999K, committed 65664K, reserved 1114112K
  class space    used 8418K, committed 9280K, reserved 1048576K
}
Event: 18.747 GC heap after
{Heap after GC invocations=27 (full 0):
 garbage-first heap   total 227328K, used 102402K [0x0000000080000000, 0x0000000100000000)
  region size 1024K, 5 young (5120K), 5 survivors (5120K)
 Metaspace       used 63999K, committed 65664K, reserved 1114112K
  class space    used 8418K, committed 9280K, reserved 1048576K
}
Event: 18.866 GC heap before
{Heap before GC invocations=27 (full 0):
 garbage-first heap   total 227328K, used 207874K [0x0000000080000000, 0x0000000100000000)
  region size 1024K, 109 young (111616K), 5 survivors (5120K)
 Metaspace       used 64010K, committed 65728K, reserved 1114112K
  class space    used 8418K, committed 9280K, reserved 1048576K
}

