# JRE version: Java(TM) SE Runtime Environment (20.0+36) (build 20+36-2344)
# Java VM: Java HotSpot(TM) 64-Bit Server VM (20+36-2344, mixed mode, sharing, tiered, compressed oops, compressed class ptrs, g1 gc, windows-amd64)
GC Precious Log:
 CardTable entry size: 512
 Card Set container configuration: InlinePtr #cards 5 size 8 Array Of Cards #cards 12 size 40 Howl #buckets 4 coarsen threshold 1843 Howl Bitmap #cards 512 size 80 coarsen threshold 460 Card regions per heap region 1 cards per card region 2048
 CPUs: 16 total, 16 available
 Memory: 7549M
 Large Page Support: Disabled
 NUMA Support: Disabled
 Compressed Oops: Enabled (32-bit)
 Heap Region Size: 1M
 Heap Min Capacity: 8M
 Heap Initial Capacity: 118M
 Heap Max Capacity: 2G
 Pre-touch: Disabled
 Parallel Workers: 13
 Concurrent Workers: 3
 Concurrent Refinement Workers: 13
 Periodic GC: Disabled
Heap:
 garbage-first heap   total 140288K, used 82443K [0x0000000080000000, 0x0000000100000000)
  region size 1024K, 3 young (3072K), 3 survivors (3072K)
 Metaspace       used 46024K, committed 47680K, reserved 1114112K
  class space    used 6482K, committed 7296K, reserved 1048576K
GC Heap History (20 events):
Event: 0.492 GC heap after
{Heap after GC invocations=1 (full 0):
 garbage-first heap   total 120832K, used 10864K [0x0000000080000000, 0x0000000100000000)
  region size 1024K, 3 young (3072K), 3 survivors (3072K)
 Metaspace       used 3189K, committed 3328K, reserved 1114112K
  class space    used 395K, committed 448K, reserved 1048576K
}
Event: 0.813 GC heap before
{Heap before GC invocations=1 (full 0):
 garbage-first heap   total 120832K, used 40560K [0x0000000080000000, 0x0000000100000000)
  region size 1024K, 32 young (32768K), 3 survivors (3072K)
 Metaspace       used 4162K, committed 4352K, reserved 1114112K
  class space    used 492K, committed 576K, reserved 1048576K
}
Event: 0.818 GC heap after
{Heap after GC invocations=2 (full 0):
 garbage-first heap   total 120832K, used 14692K [0x0000000080000000, 0x0000000100000000)
  region size 1024K, 4 young (4096K), 4 survivors (4096K)
 Metaspace       used 4162K, committed 4352K, reserved 1114112K
  class space    used 492K, committed 576K, reserved 1048576K
}
Event: 1.777 GC heap before
{Heap before GC invocations=2 (full 0):
 garbage-first heap   total 120832K, used 82276K [0x0000000080000000, 0x0000000100000000)
  region size 1024K, 70 young (71680K), 4 survivors (4096K)
 Metaspace       used 16830K, committed 17408K, reserved 1114112K
  class space    used 2353K, committed 2624K, reserved 1048576K
}
Event: 1.783 GC heap after
{Heap after GC invocations=3 (full 0):
 garbage-first heap   total 120832K, used 20543K [0x0000000080000000, 0x0000000100000000)
  region size 1024K, 9 young (9216K), 9 survivors (9216K)
 Metaspace       used 16830K, committed 17408K, reserved 1114112K
  class space    used 2353K, committed 2624K, reserved 1048576K
}
Event: 2.097 GC heap before
{Heap before GC invocations=3 (full 0):
 garbage-first heap   total 120832K, used 48191K [0x0000000080000000, 0x0000000100000000)
  region size 1024K, 38 young (38912K), 9 survivors (9216K)
 Metaspace       used 20772K, committed 21504K, reserved 1114112K
  class space    used 3039K, committed 3392K, reserved 1048576K
}
Event: 2.103 GC heap after
{Heap after GC invocations=4 (full 0):
 garbage-first heap   total 120832K, used 23467K [0x0000000080000000, 0x0000000100000000)
  region size 1024K, 3 young (3072K), 3 survivors (3072K)
 Metaspace       used 20772K, committed 21504K, reserved 1114112K
  class space    used 3039K, committed 3392K, reserved 1048576K
}
Event: 2.527 GC heap before
{Heap before GC invocations=5 (full 0):
 garbage-first heap   total 86016K, used 83883K [0x0000000080000000, 0x0000000100000000)
  region size 1024K, 36 young (36864K), 3 survivors (3072K)
 Metaspace       used 24215K, committed 25088K, reserved 1114112K
  class space    used 3612K, committed 4032K, reserved 1048576K
}
Event: 2.531 GC heap after
{Heap after GC invocations=6 (full 0):
 garbage-first heap   total 95232K, used 57180K [0x0000000080000000, 0x0000000100000000)
  region size 1024K, 9 young (9216K), 9 survivors (9216K)
 Metaspace       used 24215K, committed 25088K, reserved 1114112K
  class space    used 3612K, committed 4032K, reserved 1048576K
}
Event: 2.751 GC heap before
{Heap before GC invocations=6 (full 0):
 garbage-first heap   total 95232K, used 78684K [0x0000000080000000, 0x0000000100000000)
  region size 1024K, 30 young (30720K), 9 survivors (9216K)
 Metaspace       used 26734K, committed 27840K, reserved 1114112K
  class space    used 4025K, committed 4544K, reserved 1048576K
}
Event: 2.755 GC heap after
{Heap after GC invocations=7 (full 0):
 garbage-first heap   total 114688K, used 58027K [0x0000000080000000, 0x0000000100000000)
  region size 1024K, 2 young (2048K), 2 survivors (2048K)
 Metaspace       used 26734K, committed 27840K, reserved 1114112K
  class space    used 4025K, committed 4544K, reserved 1048576K
}
Event: 3.172 GC heap before
{Heap before GC invocations=7 (full 0):
 garbage-first heap   total 114688K, used 97963K [0x0000000080000000, 0x0000000100000000)
  region size 1024K, 42 young (43008K), 2 survivors (2048K)
 Metaspace       used 34504K, committed 35840K, reserved 1114112K
  class space    used 4931K, committed 5568K, reserved 1048576K
}
Event: 3.175 GC heap after
{Heap after GC invocations=8 (full 0):
 garbage-first heap   total 114688K, used 62227K [0x0000000080000000, 0x0000000100000000)
  region size 1024K, 6 young (6144K), 6 survivors (6144K)
 Metaspace       used 34504K, committed 35840K, reserved 1114112K
  class space    used 4931K, committed 5568K, reserved 1048576K
}
Event: 3.458 GC heap before
{Heap before GC invocations=9 (full 0):
 garbage-first heap   total 114688K, used 105235K [0x0000000080000000, 0x0000000100000000)
  region size 1024K, 43 young (44032K), 6 survivors (6144K)
 Metaspace       used 37539K, committed 38848K, reserved 1114112K
  class space    used 5244K, committed 5888K, reserved 1048576K
}
Event: 3.461 GC heap after
{Heap after GC invocations=10 (full 0):
 garbage-first heap   total 114688K, used 64595K [0x0000000080000000, 0x0000000100000000)
  region size 1024K, 4 young (4096K), 4 survivors (4096K)
 Metaspace       used 37539K, committed 38848K, reserved 1114112K
  class space    used 5244K, committed 5888K, reserved 1048576K
}
Event: 3.807 GC heap before
{Heap before GC invocations=10 (full 0):
 garbage-first heap   total 114688K, used 108627K [0x0000000080000000, 0x0000000100000000)
  region size 1024K, 40 young (40960K), 4 survivors (4096K)
 Metaspace       used 41415K, committed 42880K, reserved 1114112K
  class space    used 5693K, committed 6400K, reserved 1048576K
}
Event: 3.811 GC heap after
{Heap after GC invocations=11 (full 0):
 garbage-first heap   total 118784K, used 74415K [0x0000000080000000, 0x0000000100000000)
  region size 1024K, 4 young (4096K), 4 survivors (4096K)
 Metaspace       used 41415K, committed 42880K, reserved 1114112K
  class space    used 5693K, committed 6400K, reserved 1048576K
}
Event: 4.061 GC heap before
{Heap before GC invocations=11 (full 0):
 garbage-first heap   total 118784K, used 98991K [0x0000000080000000, 0x0000000100000000)
  region size 1024K, 29 young (29696K), 4 survivors (4096K)
 Metaspace       used 43687K, committed 45248K, reserved 1114112K
  class space    used 6066K, committed 6848K, reserved 1048576K
}
Event: 4.065 GC heap after
{Heap after GC invocations=12 (full 0):
 garbage-first heap   total 118784K, used 76815K [0x0000000080000000, 0x0000000100000000)
  region size 1024K, 3 young (3072K), 3 survivors (3072K)
 Metaspace       used 43687K, committed 45248K, reserved 1114112K
  class space    used 6066K, committed 6848K, reserved 1048576K
}
Event: 4.329 GC heap before
{Heap before GC invocations=13 (full 0):
 garbage-first heap   total 140288K, used 109583K [0x0000000080000000, 0x0000000100000000)
  region size 1024K, 32 young (32768K), 3 survivors (3072K)
 Metaspace       used 46024K, committed 47680K, reserved 1114112K
  class space    used 6482K, committed 7296K, reserved 1048576K
}

