# JRE version: Java(TM) SE Runtime Environment (18.0.2.1+1) (build 18.0.2.1+1-1)
# Java VM: Java HotSpot(TM) 64-Bit Server VM (18.0.2.1+1-1, mixed mode, sharing, tiered, compressed oops, compressed class ptrs, g1 gc, windows-amd64)
GC Precious Log:
 CardTable entry size: 512
 Card Set container configuration: InlinePtr #cards 5 size 8 Array Of Cards #cards 12 size 40 Howl #buckets 4 coarsen threshold 1843 Howl Bitmap #cards 512 size 80 coarsen threshold 460 Card regions per heap region 1 cards per card region 2048
 CPUs: 16 total, 16 available
 Memory: 7549M
 Large Page Support: Disabled
 NUMA Support: Disabled
 Compressed Oops: Enabled (32-bit)
 Heap Region Size: 1M
 Heap Min Capacity: 8M
 Heap Initial Capacity: 118M
 Heap Max Capacity: 2G
 Pre-touch: Disabled
 Parallel Workers: 13
 Concurrent Workers: 3
 Concurrent Refinement Workers: 13
 Periodic GC: Disabled
Heap:
 garbage-first heap   total 158720K, used 77113K [0x0000000080000000, 0x0000000100000000)
  region size 1024K, 3 young (3072K), 3 survivors (3072K)
 Metaspace       used 43610K, committed 44992K, reserved 1114112K
  class space    used 6034K, committed 6720K, reserved 1048576K
GC Heap History (20 events):
Event: 3.061 GC heap before
{Heap before GC invocations=7 (full 0):
 garbage-first heap   total 120832K, used 92870K [0x0000000080000000, 0x0000000100000000)
  region size 1024K, 38 young (38912K), 1 survivors (1024K)
 Metaspace       used 30366K, committed 31488K, reserved 1114112K
  class space    used 4417K, committed 4992K, reserved 1048576K
}
Event: 3.064 GC heap after
{Heap after GC invocations=8 (full 0):
 garbage-first heap   total 120832K, used 58653K [0x0000000080000000, 0x0000000100000000)
  region size 1024K, 3 young (3072K), 3 survivors (3072K)
 Metaspace       used 30366K, committed 31488K, reserved 1114112K
  class space    used 4417K, committed 4992K, reserved 1048576K
}
Event: 3.551 GC heap before
{Heap before GC invocations=9 (full 0):
 garbage-first heap   total 120832K, used 95517K [0x0000000080000000, 0x0000000100000000)
  region size 1024K, 39 young (39936K), 3 survivors (3072K)
 Metaspace       used 37745K, committed 38912K, reserved 1114112K
  class space    used 5341K, committed 5952K, reserved 1048576K
}
Event: 3.555 GC heap after
{Heap after GC invocations=10 (full 0):
 garbage-first heap   total 158720K, used 62341K [0x0000000080000000, 0x0000000100000000)
  region size 1024K, 5 young (5120K), 5 survivors (5120K)
 Metaspace       used 37745K, committed 38912K, reserved 1114112K
  class space    used 5341K, committed 5952K, reserved 1048576K
}
Event: 4.096 GC heap before
{Heap before GC invocations=10 (full 0):
 garbage-first heap   total 158720K, used 135045K [0x0000000080000000, 0x0000000100000000)
  region size 1024K, 65 young (66560K), 5 survivors (5120K)
 Metaspace       used 43209K, committed 44544K, reserved 1114112K
  class space    used 6027K, committed 6720K, reserved 1048576K
}
Event: 4.101 GC heap after
{Heap after GC invocations=11 (full 0):
 garbage-first heap   total 158720K, used 74054K [0x0000000080000000, 0x0000000100000000)
  region size 1024K, 9 young (9216K), 9 survivors (9216K)
 Metaspace       used 43209K, committed 44544K, reserved 1114112K
  class space    used 6027K, committed 6720K, reserved 1048576K
}
Event: 4.280 GC heap before
{Heap before GC invocations=11 (full 0):
 garbage-first heap   total 158720K, used 131398K [0x0000000080000000, 0x0000000100000000)
  region size 1024K, 61 young (62464K), 9 survivors (9216K)
 Metaspace       used 43619K, committed 44992K, reserved 1114112K
  class space    used 6039K, committed 6720K, reserved 1048576K
}
Event: 4.285 GC heap after
{Heap after GC invocations=12 (full 0):
 garbage-first heap   total 158720K, used 74750K [0x0000000080000000, 0x0000000100000000)
  region size 1024K, 2 young (2048K), 2 survivors (2048K)
 Metaspace       used 43619K, committed 44992K, reserved 1114112K
  class space    used 6039K, committed 6720K, reserved 1048576K
}
Event: 4.361 GC heap before
{Heap before GC invocations=12 (full 0):
 garbage-first heap   total 158720K, used 105470K [0x0000000080000000, 0x0000000100000000)
  region size 1024K, 33 young (33792K), 2 survivors (2048K)
 Metaspace       used 43625K, committed 44992K, reserved 1114112K
  class space    used 6039K, committed 6720K, reserved 1048576K
}
Event: 4.362 GC heap after
{Heap after GC invocations=13 (full 0):
 garbage-first heap   total 158720K, used 74613K [0x0000000080000000, 0x0000000100000000)
  region size 1024K, 2 young (2048K), 2 survivors (2048K)
 Metaspace       used 43625K, committed 44992K, reserved 1114112K
  class space    used 6039K, committed 6720K, reserved 1048576K
}
Event: 4.404 GC heap before
{Heap before GC invocations=14 (full 0):
 garbage-first heap   total 158720K, used 94069K [0x0000000080000000, 0x0000000100000000)
  region size 1024K, 21 young (21504K), 2 survivors (2048K)
 Metaspace       used 43609K, committed 44992K, reserved 1114112K
  class space    used 6033K, committed 6720K, reserved 1048576K
}
Event: 4.408 GC heap after
{Heap after GC invocations=15 (full 0):
 garbage-first heap   total 158720K, used 77984K [0x0000000080000000, 0x0000000100000000)
  region size 1024K, 5 young (5120K), 5 survivors (5120K)
 Metaspace       used 43609K, committed 44992K, reserved 1114112K
  class space    used 6033K, committed 6720K, reserved 1048576K
}
Event: 4.489 GC heap before
{Heap before GC invocations=16 (full 0):
 garbage-first heap   total 158720K, used 129184K [0x0000000080000000, 0x0000000100000000)
  region size 1024K, 54 young (55296K), 5 survivors (5120K)
 Metaspace       used 43609K, committed 44992K, reserved 1114112K
  class space    used 6033K, committed 6720K, reserved 1048576K
}
Event: 4.490 GC heap after
{Heap after GC invocations=17 (full 0):
 garbage-first heap   total 158720K, used 75248K [0x0000000080000000, 0x0000000100000000)
  region size 1024K, 1 young (1024K), 1 survivors (1024K)
 Metaspace       used 43609K, committed 44992K, reserved 1114112K
  class space    used 6033K, committed 6720K, reserved 1048576K
}
Event: 4.588 GC heap before
{Heap before GC invocations=17 (full 0):
 garbage-first heap   total 158720K, used 129520K [0x0000000080000000, 0x0000000100000000)
  region size 1024K, 54 young (55296K), 1 survivors (1024K)
 Metaspace       used 43609K, committed 44992K, reserved 1114112K
  class space    used 6033K, committed 6720K, reserved 1048576K
}
Event: 4.590 GC heap after
{Heap after GC invocations=18 (full 0):
 garbage-first heap   total 158720K, used 75740K [0x0000000080000000, 0x0000000100000000)
  region size 1024K, 2 young (2048K), 2 survivors (2048K)
 Metaspace       used 43609K, committed 44992K, reserved 1114112K
  class space    used 6033K, committed 6720K, reserved 1048576K
}
Event: 4.691 GC heap before
{Heap before GC invocations=19 (full 0):
 garbage-first heap   total 158720K, used 131036K [0x0000000080000000, 0x0000000100000000)
  region size 1024K, 56 young (57344K), 2 survivors (2048K)
 Metaspace       used 43610K, committed 44992K, reserved 1114112K
  class space    used 6034K, committed 6720K, reserved 1048576K
}
Event: 4.692 GC heap after
{Heap after GC invocations=20 (full 0):
 garbage-first heap   total 158720K, used 75877K [0x0000000080000000, 0x0000000100000000)
  region size 1024K, 2 young (2048K), 2 survivors (2048K)
 Metaspace       used 43610K, committed 44992K, reserved 1114112K
  class space    used 6034K, committed 6720K, reserved 1048576K
}
Event: 4.787 GC heap before
{Heap before GC invocations=20 (full 0):
 garbage-first heap   total 158720K, used 132197K [0x0000000080000000, 0x0000000100000000)
  region size 1024K, 58 young (59392K), 2 survivors (2048K)
 Metaspace       used 43610K, committed 44992K, reserved 1114112K
  class space    used 6034K, committed 6720K, reserved 1048576K
}
Event: 4.789 GC heap after
{Heap after GC invocations=21 (full 0):
 garbage-first heap   total 158720K, used 76409K [0x0000000080000000, 0x0000000100000000)
  region size 1024K, 2 young (2048K), 2 survivors (2048K)
 Metaspace       used 43610K, committed 44992K, reserved 1114112K
  class space    used 6034K, committed 6720K, reserved 1048576K
}

