# JRE version: OpenJDK Runtime Environment (11.0.15) (build 11.0.15+0-b2043.56-9505619)
# Java VM: OpenJDK 64-Bit Server VM (11.0.15+0-b2043.56-9505619, mixed mode, tiered, compressed oops, g1 gc, windows-amd64)
Heap:
 garbage-first heap   total 443392K, used 252908K [0x0000000080000000, 0x0000000100000000)
  region size 1024K, 39 young (39936K), 1 survivors (1024K)
 Metaspace       used 132778K, capacity 136345K, committed 136496K, reserved 1169408K
  class space    used 15935K, capacity 17158K, committed 17280K, reserved 1048576K
GC Heap History (20 events):
Event: 44.351 GC heap before
{Heap before GC invocations=121 (full 0):
 garbage-first heap   total 305152K, used 260933K [0x0000000080000000, 0x0000000100000000)
  region size 1024K, 30 young (30720K), 5 survivors (5120K)
 Metaspace       used 126091K, capacity 129448K, committed 129712K, reserved 1163264K
  class space    used 15172K, capacity 16350K, committed 16384K, reserved 1048576K
}
Event: 44.358 GC heap after
{Heap after GC invocations=122 (full 0):
 garbage-first heap   total 366592K, used 240283K [0x0000000080000000, 0x0000000100000000)
  region size 1024K, 4 young (4096K), 4 survivors (4096K)
 Metaspace       used 126091K, capacity 129448K, committed 129712K, reserved 1163264K
  class space    used 15172K, capacity 16350K, committed 16384K, reserved 1048576K
}
Event: 44.494 GC heap before
{Heap before GC invocations=123 (full 0):
 garbage-first heap   total 366592K, used 282267K [0x0000000080000000, 0x0000000100000000)
  region size 1024K, 54 young (55296K), 4 survivors (4096K)
 Metaspace       used 126646K, capacity 130056K, committed 130224K, reserved 1163264K
  class space    used 15205K, capacity 16382K, committed 16384K, reserved 1048576K
}
Event: 44.502 GC heap after
{Heap after GC invocations=124 (full 0):
 garbage-first heap   total 366592K, used 235053K [0x0000000080000000, 0x0000000100000000)
  region size 1024K, 6 young (6144K), 6 survivors (6144K)
 Metaspace       used 126646K, capacity 130056K, committed 130224K, reserved 1163264K
  class space    used 15205K, capacity 16382K, committed 16384K, reserved 1048576K
}
Event: 44.524 GC heap before
{Heap before GC invocations=124 (full 0):
 garbage-first heap   total 366592K, used 245293K [0x0000000080000000, 0x0000000100000000)
  region size 1024K, 17 young (17408K), 6 survivors (6144K)
 Metaspace       used 126948K, capacity 130344K, committed 130608K, reserved 1163264K
  class space    used 15226K, capacity 16414K, committed 16512K, reserved 1048576K
}
Event: 44.529 GC heap after
{Heap after GC invocations=125 (full 0):
 garbage-first heap   total 366592K, used 214757K [0x0000000080000000, 0x0000000100000000)
  region size 1024K, 3 young (3072K), 3 survivors (3072K)
 Metaspace       used 126948K, capacity 130344K, committed 130608K, reserved 1163264K
  class space    used 15226K, capacity 16414K, committed 16512K, reserved 1048576K
}
Event: 45.350 GC heap before
{Heap before GC invocations=125 (full 0):
 garbage-first heap   total 366592K, used 280293K [0x0000000080000000, 0x0000000100000000)
  region size 1024K, 68 young (69632K), 3 survivors (3072K)
 Metaspace       used 129903K, capacity 133237K, committed 133552K, reserved 1165312K
  class space    used 15598K, capacity 16780K, committed 16896K, reserved 1048576K
}
Event: 45.353 GC heap after
{Heap after GC invocations=126 (full 0):
 garbage-first heap   total 366592K, used 215574K [0x0000000080000000, 0x0000000100000000)
  region size 1024K, 4 young (4096K), 4 survivors (4096K)
 Metaspace       used 129903K, capacity 133237K, committed 133552K, reserved 1165312K
  class space    used 15598K, capacity 16780K, committed 16896K, reserved 1048576K
}
Event: 46.237 GC heap before
{Heap before GC invocations=126 (full 0):
 garbage-first heap   total 366592K, used 285206K [0x0000000080000000, 0x0000000100000000)
  region size 1024K, 73 young (74752K), 4 survivors (4096K)
 Metaspace       used 131207K, capacity 134621K, committed 134960K, reserved 1167360K
  class space    used 15733K, capacity 16918K, committed 17024K, reserved 1048576K
}
Event: 46.243 GC heap after
{Heap after GC invocations=127 (full 0):
 garbage-first heap   total 366592K, used 218444K [0x0000000080000000, 0x0000000100000000)
  region size 1024K, 7 young (7168K), 7 survivors (7168K)
 Metaspace       used 131207K, capacity 134621K, committed 134960K, reserved 1167360K
  class space    used 15733K, capacity 16918K, committed 17024K, reserved 1048576K
}
Event: 46.572 GC heap before
{Heap before GC invocations=127 (full 0):
 garbage-first heap   total 366592K, used 291148K [0x0000000080000000, 0x0000000100000000)
  region size 1024K, 80 young (81920K), 7 survivors (7168K)
 Metaspace       used 132006K, capacity 135463K, committed 135600K, reserved 1167360K
  class space    used 15844K, capacity 17047K, committed 17152K, reserved 1048576K
}
Event: 46.579 GC heap after
{Heap after GC invocations=128 (full 0):
 garbage-first heap   total 366592K, used 219511K [0x0000000080000000, 0x0000000100000000)
  region size 1024K, 7 young (7168K), 7 survivors (7168K)
 Metaspace       used 132006K, capacity 135463K, committed 135600K, reserved 1167360K
  class space    used 15844K, capacity 17047K, committed 17152K, reserved 1048576K
}
Event: 46.827 GC heap before
{Heap before GC invocations=128 (full 0):
 garbage-first heap   total 366592K, used 298359K [0x0000000080000000, 0x0000000100000000)
  region size 1024K, 85 young (87040K), 7 survivors (7168K)
 Metaspace       used 132119K, capacity 135598K, committed 135856K, reserved 1167360K
  class space    used 15849K, capacity 17049K, committed 17152K, reserved 1048576K
}
Event: 46.834 GC heap after
{Heap after GC invocations=129 (full 0):
 garbage-first heap   total 366592K, used 223071K [0x0000000080000000, 0x0000000100000000)
  region size 1024K, 8 young (8192K), 8 survivors (8192K)
 Metaspace       used 132119K, capacity 135598K, committed 135856K, reserved 1167360K
  class space    used 15849K, capacity 17049K, committed 17152K, reserved 1048576K
}
Event: 46.904 GC heap before
{Heap before GC invocations=129 (full 0):
 garbage-first heap   total 366592K, used 253791K [0x0000000080000000, 0x0000000100000000)
  region size 1024K, 40 young (40960K), 8 survivors (8192K)
 Metaspace       used 132186K, capacity 135667K, committed 135856K, reserved 1167360K
  class space    used 15855K, capacity 17049K, committed 17152K, reserved 1048576K
}
Event: 46.917 GC heap after
{Heap after GC invocations=130 (full 0):
 garbage-first heap   total 366592K, used 225223K [0x0000000080000000, 0x0000000100000000)
  region size 1024K, 7 young (7168K), 7 survivors (7168K)
 Metaspace       used 132186K, capacity 135667K, committed 135856K, reserved 1167360K
  class space    used 15855K, capacity 17049K, committed 17152K, reserved 1048576K
}
Event: 47.150 GC heap before
{Heap before GC invocations=131 (full 0):
 garbage-first heap   total 366592K, used 304071K [0x0000000080000000, 0x0000000100000000)
  region size 1024K, 85 young (87040K), 7 survivors (7168K)
 Metaspace       used 132668K, capacity 136204K, committed 136368K, reserved 1169408K
  class space    used 15918K, capacity 17141K, committed 17152K, reserved 1048576K
}
Event: 47.159 GC heap after
{Heap after GC invocations=132 (full 0):
 garbage-first heap   total 443392K, used 225513K [0x0000000080000000, 0x0000000100000000)
  region size 1024K, 5 young (5120K), 5 survivors (5120K)
 Metaspace       used 132668K, capacity 136204K, committed 136368K, reserved 1169408K
  class space    used 15918K, capacity 17141K, committed 17152K, reserved 1048576K
}
Event: 47.375 GC heap before
{Heap before GC invocations=132 (full 0):
 garbage-first heap   total 443392K, used 243945K [0x0000000080000000, 0x0000000100000000)
  region size 1024K, 21 young (21504K), 5 survivors (5120K)
 Metaspace       used 132777K, capacity 136345K, committed 136496K, reserved 1169408K
  class space    used 15935K, capacity 17158K, committed 17280K, reserved 1048576K
}
Event: 47.378 GC heap after
{Heap after GC invocations=133 (full 0):
 garbage-first heap   total 443392K, used 215020K [0x0000000080000000, 0x0000000100000000)
  region size 1024K, 1 young (1024K), 1 survivors (1024K)
 Metaspace       used 132777K, capacity 136345K, committed 136496K, reserved 1169408K
  class space    used 15935K, capacity 17158K, committed 17280K, reserved 1048576K
}

