# JRE version: Java(TM) SE Runtime Environment (20.0+36) (build 20+36-2344)
# Java VM: Java HotSpot(TM) 64-Bit Server VM (20+36-2344, mixed mode, sharing, tiered, compressed oops, compressed class ptrs, g1 gc, windows-amd64)
GC Precious Log:
 CardTable entry size: 512
 Card Set container configuration: InlinePtr #cards 5 size 8 Array Of Cards #cards 12 size 40 Howl #buckets 4 coarsen threshold 1843 Howl Bitmap #cards 512 size 80 coarsen threshold 460 Card regions per heap region 1 cards per card region 2048
 CPUs: 16 total, 16 available
 Memory: 7549M
 Large Page Support: Disabled
 NUMA Support: Disabled
 Compressed Oops: Enabled (32-bit)
 Heap Region Size: 1M
 Heap Min Capacity: 8M
 Heap Initial Capacity: 118M
 Heap Max Capacity: 2G
 Pre-touch: Disabled
 Parallel Workers: 13
 Concurrent Workers: 3
 Concurrent Refinement Workers: 13
 Periodic GC: Disabled
Heap:
 garbage-first heap   total 236544K, used 54006K [0x0000000080000000, 0x0000000100000000)
  region size 1024K, 7 young (7168K), 7 survivors (7168K)
 Metaspace       used 46063K, committed 47680K, reserved 1114112K
  class space    used 6377K, committed 7168K, reserved 1048576K
GC Heap History (20 events):
Event: 5.072 GC heap after
{Heap after GC invocations=19 (full 0):
 garbage-first heap   total 195584K, used 51788K [0x0000000080000000, 0x0000000100000000)
  region size 1024K, 5 young (5120K), 5 survivors (5120K)
 Metaspace       used 45980K, committed 47616K, reserved 1114112K
  class space    used 6377K, committed 7168K, reserved 1048576K
}
Event: 5.202 GC heap before
{Heap before GC invocations=19 (full 0):
 garbage-first heap   total 195584K, used 162380K [0x0000000080000000, 0x0000000100000000)
  region size 1024K, 114 young (116736K), 5 survivors (5120K)
 Metaspace       used 46007K, committed 47616K, reserved 1114112K
  class space    used 6377K, committed 7168K, reserved 1048576K
}
Event: 5.206 GC heap after
{Heap after GC invocations=20 (full 0):
 garbage-first heap   total 195584K, used 52823K [0x0000000080000000, 0x0000000100000000)
  region size 1024K, 6 young (6144K), 6 survivors (6144K)
 Metaspace       used 46007K, committed 47616K, reserved 1114112K
  class space    used 6377K, committed 7168K, reserved 1048576K
}
Event: 5.316 GC heap before
{Heap before GC invocations=20 (full 0):
 garbage-first heap   total 195584K, used 162391K [0x0000000080000000, 0x0000000100000000)
  region size 1024K, 114 young (116736K), 6 survivors (6144K)
 Metaspace       used 46020K, committed 47616K, reserved 1114112K
  class space    used 6377K, committed 7168K, reserved 1048576K
}
Event: 5.319 GC heap after
{Heap after GC invocations=21 (full 0):
 garbage-first heap   total 195584K, used 52028K [0x0000000080000000, 0x0000000100000000)
  region size 1024K, 5 young (5120K), 5 survivors (5120K)
 Metaspace       used 46020K, committed 47616K, reserved 1114112K
  class space    used 6377K, committed 7168K, reserved 1048576K
}
Event: 5.439 GC heap before
{Heap before GC invocations=21 (full 0):
 garbage-first heap   total 195584K, used 163644K [0x0000000080000000, 0x0000000100000000)
  region size 1024K, 114 young (116736K), 5 survivors (5120K)
 Metaspace       used 46028K, committed 47616K, reserved 1114112K
  class space    used 6377K, committed 7168K, reserved 1048576K
}
Event: 5.443 GC heap after
{Heap after GC invocations=22 (full 0):
 garbage-first heap   total 195584K, used 55119K [0x0000000080000000, 0x0000000100000000)
  region size 1024K, 8 young (8192K), 8 survivors (8192K)
 Metaspace       used 46028K, committed 47616K, reserved 1114112K
  class space    used 6377K, committed 7168K, reserved 1048576K
}
Event: 5.570 GC heap before
{Heap before GC invocations=22 (full 0):
 garbage-first heap   total 195584K, used 162639K [0x0000000080000000, 0x0000000100000000)
  region size 1024K, 114 young (116736K), 8 survivors (8192K)
 Metaspace       used 46042K, committed 47616K, reserved 1114112K
  class space    used 6377K, committed 7168K, reserved 1048576K
}
Event: 5.573 GC heap after
{Heap after GC invocations=23 (full 0):
 garbage-first heap   total 236544K, used 53037K [0x0000000080000000, 0x0000000100000000)
  region size 1024K, 6 young (6144K), 6 survivors (6144K)
 Metaspace       used 46042K, committed 47616K, reserved 1114112K
  class space    used 6377K, committed 7168K, reserved 1048576K
}
Event: 5.737 GC heap before
{Heap before GC invocations=23 (full 0):
 garbage-first heap   total 236544K, used 188205K [0x0000000080000000, 0x0000000100000000)
  region size 1024K, 138 young (141312K), 6 survivors (6144K)
 Metaspace       used 46045K, committed 47616K, reserved 1114112K
  class space    used 6377K, committed 7168K, reserved 1048576K
}
Event: 5.740 GC heap after
{Heap after GC invocations=24 (full 0):
 garbage-first heap   total 236544K, used 52031K [0x0000000080000000, 0x0000000100000000)
  region size 1024K, 5 young (5120K), 5 survivors (5120K)
 Metaspace       used 46045K, committed 47616K, reserved 1114112K
  class space    used 6377K, committed 7168K, reserved 1048576K
}
Event: 5.897 GC heap before
{Heap before GC invocations=24 (full 0):
 garbage-first heap   total 236544K, used 187199K [0x0000000080000000, 0x0000000100000000)
  region size 1024K, 138 young (141312K), 5 survivors (5120K)
 Metaspace       used 46052K, committed 47616K, reserved 1114112K
  class space    used 6377K, committed 7168K, reserved 1048576K
}
Event: 5.900 GC heap after
{Heap after GC invocations=25 (full 0):
 garbage-first heap   total 236544K, used 52564K [0x0000000080000000, 0x0000000100000000)
  region size 1024K, 5 young (5120K), 5 survivors (5120K)
 Metaspace       used 46052K, committed 47616K, reserved 1114112K
  class space    used 6377K, committed 7168K, reserved 1048576K
}
Event: 6.066 GC heap before
{Heap before GC invocations=25 (full 0):
 garbage-first heap   total 236544K, used 187732K [0x0000000080000000, 0x0000000100000000)
  region size 1024K, 138 young (141312K), 5 survivors (5120K)
 Metaspace       used 46056K, committed 47680K, reserved 1114112K
  class space    used 6377K, committed 7168K, reserved 1048576K
}
Event: 6.069 GC heap after
{Heap after GC invocations=26 (full 0):
 garbage-first heap   total 236544K, used 52753K [0x0000000080000000, 0x0000000100000000)
  region size 1024K, 6 young (6144K), 6 survivors (6144K)
 Metaspace       used 46056K, committed 47680K, reserved 1114112K
  class space    used 6377K, committed 7168K, reserved 1048576K
}
Event: 6.269 GC heap before
{Heap before GC invocations=26 (full 0):
 garbage-first heap   total 236544K, used 186897K [0x0000000080000000, 0x0000000100000000)
  region size 1024K, 138 young (141312K), 6 survivors (6144K)
 Metaspace       used 46060K, committed 47680K, reserved 1114112K
  class space    used 6377K, committed 7168K, reserved 1048576K
}
Event: 6.271 GC heap after
{Heap after GC invocations=27 (full 0):
 garbage-first heap   total 236544K, used 52888K [0x0000000080000000, 0x0000000100000000)
  region size 1024K, 6 young (6144K), 6 survivors (6144K)
 Metaspace       used 46060K, committed 47680K, reserved 1114112K
  class space    used 6377K, committed 7168K, reserved 1048576K
}
Event: 6.410 GC heap before
{Heap before GC invocations=27 (full 0):
 garbage-first heap   total 236544K, used 187032K [0x0000000080000000, 0x0000000100000000)
  region size 1024K, 138 young (141312K), 6 survivors (6144K)
 Metaspace       used 46063K, committed 47680K, reserved 1114112K
  class space    used 6377K, committed 7168K, reserved 1048576K
}
Event: 6.413 GC heap after
{Heap after GC invocations=28 (full 0):
 garbage-first heap   total 236544K, used 52905K [0x0000000080000000, 0x0000000100000000)
  region size 1024K, 6 young (6144K), 6 survivors (6144K)
 Metaspace       used 46063K, committed 47680K, reserved 1114112K
  class space    used 6377K, committed 7168K, reserved 1048576K
}
Event: 6.553 GC heap before
{Heap before GC invocations=28 (full 0):
 garbage-first heap   total 236544K, used 188073K [0x0000000080000000, 0x0000000100000000)
  region size 1024K, 138 young (141312K), 6 survivors (6144K)
 Metaspace       used 46063K, committed 47680K, reserved 1114112K
  class space    used 6377K, committed 7168K, reserved 1048576K
}

