# JRE version: Java(TM) SE Runtime Environment (20.0+36) (build 20+36-2344)
# Java VM: Java HotSpot(TM) 64-Bit Server VM (20+36-2344, mixed mode, sharing, tiered, compressed oops, compressed class ptrs, g1 gc, windows-amd64)
GC Precious Log:
 CardTable entry size: 512
 Card Set container configuration: InlinePtr #cards 5 size 8 Array Of Cards #cards 12 size 40 Howl #buckets 4 coarsen threshold 1843 Howl Bitmap #cards 512 size 80 coarsen threshold 460 Card regions per heap region 1 cards per card region 2048
 CPUs: 16 total, 16 available
 Memory: 7549M
 Large Page Support: Disabled
 NUMA Support: Disabled
 Compressed Oops: Enabled (32-bit)
 Heap Region Size: 1M
 Heap Min Capacity: 8M
 Heap Initial Capacity: 118M
 Heap Max Capacity: 2G
 Pre-touch: Disabled
 Parallel Workers: 13
 Concurrent Workers: 3
 Concurrent Refinement Workers: 13
 Periodic GC: Disabled
Heap:
 garbage-first heap   total 171008K, used 104650K [0x0000000080000000, 0x0000000100000000)
  region size 1024K, 25 young (25600K), 8 survivors (8192K)
 Metaspace       used 61688K, committed 63360K, reserved 1114112K
  class space    used 8326K, committed 9152K, reserved 1048576K
GC Heap History (20 events):
Event: 3.136 GC heap before
{Heap before GC invocations=9 (full 0):
 garbage-first heap   total 103424K, used 87590K [0x0000000080000000, 0x0000000100000000)
  region size 1024K, 35 young (35840K), 4 survivors (4096K)
 Metaspace       used 28881K, committed 30016K, reserved 1114112K
  class space    used 4354K, committed 4928K, reserved 1048576K
}
Event: 3.139 GC heap after
{Heap after GC invocations=10 (full 0):
 garbage-first heap   total 103424K, used 57938K [0x0000000080000000, 0x0000000100000000)
  region size 1024K, 2 young (2048K), 2 survivors (2048K)
 Metaspace       used 28881K, committed 30016K, reserved 1114112K
  class space    used 4354K, committed 4928K, reserved 1048576K
}
Event: 3.455 GC heap before
{Heap before GC invocations=10 (full 0):
 garbage-first heap   total 103424K, used 89682K [0x0000000080000000, 0x0000000100000000)
  region size 1024K, 34 young (34816K), 2 survivors (2048K)
 Metaspace       used 34513K, committed 35712K, reserved 1114112K
  class space    used 4921K, committed 5504K, reserved 1048576K
}
Event: 3.458 GC heap after
{Heap after GC invocations=11 (full 0):
 garbage-first heap   total 103424K, used 61912K [0x0000000080000000, 0x0000000100000000)
  region size 1024K, 5 young (5120K), 5 survivors (5120K)
 Metaspace       used 34513K, committed 35712K, reserved 1114112K
  class space    used 4921K, committed 5504K, reserved 1048576K
}
Event: 3.725 GC heap before
{Heap before GC invocations=12 (full 0):
 garbage-first heap   total 112640K, used 95704K [0x0000000080000000, 0x0000000100000000)
  region size 1024K, 34 young (34816K), 5 survivors (5120K)
 Metaspace       used 37378K, committed 38656K, reserved 1114112K
  class space    used 5215K, committed 5824K, reserved 1048576K
}
Event: 3.729 GC heap after
{Heap after GC invocations=13 (full 0):
 garbage-first heap   total 112640K, used 64418K [0x0000000080000000, 0x0000000100000000)
  region size 1024K, 3 young (3072K), 3 survivors (3072K)
 Metaspace       used 37378K, committed 38656K, reserved 1114112K
  class space    used 5215K, committed 5824K, reserved 1048576K
}
Event: 4.109 GC heap before
{Heap before GC invocations=13 (full 0):
 garbage-first heap   total 112640K, used 104354K [0x0000000080000000, 0x0000000100000000)
  region size 1024K, 37 young (37888K), 3 survivors (3072K)
 Metaspace       used 40497K, committed 41984K, reserved 1114112K
  class space    used 5662K, committed 6400K, reserved 1048576K
}
Event: 4.113 GC heap after
{Heap after GC invocations=14 (full 0):
 garbage-first heap   total 113664K, used 73883K [0x0000000080000000, 0x0000000100000000)
  region size 1024K, 5 young (5120K), 5 survivors (5120K)
 Metaspace       used 40497K, committed 41984K, reserved 1114112K
  class space    used 5662K, committed 6400K, reserved 1048576K
}
Event: 4.114 GC heap before
{Heap before GC invocations=14 (full 0):
 garbage-first heap   total 113664K, used 73883K [0x0000000080000000, 0x0000000100000000)
  region size 1024K, 6 young (6144K), 5 survivors (5120K)
 Metaspace       used 40497K, committed 41984K, reserved 1114112K
  class space    used 5662K, committed 6400K, reserved 1048576K
}
Event: 4.117 GC heap after
{Heap after GC invocations=15 (full 0):
 garbage-first heap   total 113664K, used 74669K [0x0000000080000000, 0x0000000100000000)
  region size 1024K, 1 young (1024K), 1 survivors (1024K)
 Metaspace       used 40497K, committed 41984K, reserved 1114112K
  class space    used 5662K, committed 6400K, reserved 1048576K
}
Event: 4.362 GC heap before
{Heap before GC invocations=16 (full 0):
 garbage-first heap   total 132096K, used 98221K [0x0000000080000000, 0x0000000100000000)
  region size 1024K, 22 young (22528K), 1 survivors (1024K)
 Metaspace       used 43712K, committed 45248K, reserved 1114112K
  class space    used 6079K, committed 6848K, reserved 1048576K
}
Event: 4.364 GC heap after
{Heap after GC invocations=17 (full 0):
 garbage-first heap   total 132096K, used 75698K [0x0000000080000000, 0x0000000100000000)
  region size 1024K, 2 young (2048K), 2 survivors (2048K)
 Metaspace       used 43712K, committed 45248K, reserved 1114112K
  class space    used 6079K, committed 6848K, reserved 1048576K
}
Event: 4.810 GC heap before
{Heap before GC invocations=17 (full 0):
 garbage-first heap   total 132096K, used 108466K [0x0000000080000000, 0x0000000100000000)
  region size 1024K, 35 young (35840K), 2 survivors (2048K)
 Metaspace       used 47867K, committed 49344K, reserved 1114112K
  class space    used 6633K, committed 7360K, reserved 1048576K
}
Event: 4.814 GC heap after
{Heap after GC invocations=18 (full 0):
 garbage-first heap   total 132096K, used 78180K [0x0000000080000000, 0x0000000100000000)
  region size 1024K, 5 young (5120K), 5 survivors (5120K)
 Metaspace       used 47867K, committed 49344K, reserved 1114112K
  class space    used 6633K, committed 7360K, reserved 1048576K
}
Event: 4.868 GC heap before
{Heap before GC invocations=18 (full 0):
 garbage-first heap   total 132096K, used 83300K [0x0000000080000000, 0x0000000100000000)
  region size 1024K, 11 young (11264K), 5 survivors (5120K)
 Metaspace       used 48361K, committed 49920K, reserved 1114112K
  class space    used 6725K, committed 7488K, reserved 1048576K
}
Event: 4.872 GC heap after
{Heap after GC invocations=19 (full 0):
 garbage-first heap   total 132096K, used 78923K [0x0000000080000000, 0x0000000100000000)
  region size 1024K, 1 young (1024K), 1 survivors (1024K)
 Metaspace       used 48361K, committed 49920K, reserved 1114112K
  class space    used 6725K, committed 7488K, reserved 1048576K
}
Event: 5.198 GC heap before
{Heap before GC invocations=20 (full 0):
 garbage-first heap   total 142336K, used 117835K [0x0000000080000000, 0x0000000100000000)
  region size 1024K, 36 young (36864K), 1 survivors (1024K)
 Metaspace       used 50593K, committed 52160K, reserved 1114112K
  class space    used 7096K, committed 7872K, reserved 1048576K
}
Event: 5.200 GC heap after
{Heap after GC invocations=21 (full 0):
 garbage-first heap   total 171008K, used 84187K [0x0000000080000000, 0x0000000100000000)
  region size 1024K, 3 young (3072K), 3 survivors (3072K)
 Metaspace       used 50593K, committed 52160K, reserved 1114112K
  class space    used 7096K, committed 7872K, reserved 1048576K
}
Event: 6.719 GC heap before
{Heap before GC invocations=21 (full 0):
 garbage-first heap   total 171008K, used 139483K [0x0000000080000000, 0x0000000100000000)
  region size 1024K, 58 young (59392K), 3 survivors (3072K)
 Metaspace       used 60989K, committed 62720K, reserved 1114112K
  class space    used 8299K, committed 9152K, reserved 1048576K
}
Event: 6.726 GC heap after
{Heap after GC invocations=22 (full 0):
 garbage-first heap   total 171008K, used 89290K [0x0000000080000000, 0x0000000100000000)
  region size 1024K, 8 young (8192K), 8 survivors (8192K)
 Metaspace       used 60989K, committed 62720K, reserved 1114112K
  class space    used 8299K, committed 9152K, reserved 1048576K
}

